Arguments: 
  /home/hayden/Projects/Mars/MARS/src/main/frontend/node/node /home/hayden/Projects/Mars/MARS/src/main/frontend/node/yarn/dist/bin/yarn.js install --dist-url="${maven-frontend.nodeDownloadRoot}"

PATH: 
  /home/hayden/Projects/Mars/MARS/src/main/frontend/node:/home/hayden/Projects/Mars/MARS/src/main/frontend/node/yarn/dist/bin:/home/hayden/.local/bin:/usr/local/sbin:/usr/local/bin:/usr/sbin:/usr/bin:/sbin:/bin:/usr/games:/usr/local/games:/snap/bin:

Yarn version: 
  1.16.0

Node version: 
  12.3.1

Platform: 
  linux x64

Trace: 
  SyntaxError: /home/hayden/Projects/Mars/MARS/src/main/frontend/package.json: Unexpected end of JSON input
      at JSON.parse (<anonymous>)
      at /home/hayden/Projects/Mars/MARS/src/main/frontend/node/yarn/dist/lib/cli.js:1625:59
      at Generator.next (<anonymous>)
      at step (/home/hayden/Projects/Mars/MARS/src/main/frontend/node/yarn/dist/lib/cli.js:304:30)
      at /home/hayden/Projects/Mars/MARS/src/main/frontend/node/yarn/dist/lib/cli.js:315:13

npm manifest: 
  

yarn manifest: 
  No manifest

Lockfile: 
  # THIS IS AN AUTOGENERATED FILE. DO NOT EDIT THIS FILE DIRECTLY.
  # yarn lockfile v1
